2026-01-12T20:21:20 | touched: Cargo.toml
2026-01-02T15:11:44 | touched: README.md
2026-01-10T10:21:51 | touched: LICENSE
2026-01-06T02:21:42 | touched: Cargo.toml
2026-01-04T12:34:50 | touched: src/main.rs
2026-01-17T06:45:52 | touched: LICENSE
2025-05-09T01:56:32 | touched: LICENSE
2026-01-22T12:10:05 | touched: README.md
2026-01-11T23:02:55 | touched: Cargo.toml
2025-11-22T19:26:48 | touched: src/lib.rs
2025-04-24T17:31:29 | touched: LICENSE
2025-02-27T21:00:28 | touched: LICENSE
2025-04-28T21:15:08 | touched: Cargo.toml
2025-07-21T12:30:54 | touched: README.md
2025-05-16T04:22:30 | touched: README.md
2025-11-23T06:05:18 | touched: LICENSE
2025-06-18T15:35:21 | touched: Cargo.toml
2025-10-02T13:03:18 | touched: LICENSE
2025-10-13T14:54:01 | touched: Cargo.toml
2025-09-26T22:50:15 | touched: README.md
2025-08-13T08:33:40 | touched: Cargo.toml
2025-10-05T23:31:03 | touched: Cargo.toml
2025-03-09T13:32:33 | touched: src/lib.rs
2025-08-18T11:02:41 | touched: src/lib.rs
2025-03-31T14:37:23 | touched: src/lib.rs
2025-04-25T22:01:35 | touched: LICENSE
2025-08-11T16:08:40 | touched: LICENSE
2025-07-14T08:08:50 | touched: Cargo.toml
2025-06-10T12:47:26 | touched: Cargo.toml
